{"D:\\workspace\\React\\04-gif-expert-app-vite\\src\\GifExpertApp.tsx": {"path":"D:\\workspace\\React\\04-gif-expert-app-vite\\src\\GifExpertApp.tsx","statementMap":{"0":{"start":{"line":4,"column":28},"end":{"line":28,"column":1}},"1":{"start":{"line":5,"column":38},"end":{"line":5,"column":61}},"2":{"start":{"line":7,"column":24},"end":{"line":12,"column":3}},"3":{"start":{"line":8,"column":4},"end":{"line":8,"column":49}},"4":{"start":{"line":8,"column":42},"end":{"line":8,"column":49}},"5":{"start":{"line":10,"column":4},"end":{"line":10,"column":48}},"6":{"start":{"line":14,"column":2},"end":{"line":27,"column":4}},"7":{"start":{"line":20,"column":42},"end":{"line":20,"column":62}},"8":{"start":{"line":24,"column":8},"end":{"line":24,"column":54}}},"fnMap":{"0":{"name":"(anonymous_0)","decl":{"start":{"line":4,"column":28},"end":{"line":4,"column":29}},"loc":{"start":{"line":4,"column":34},"end":{"line":28,"column":1}},"line":4},"1":{"name":"(anonymous_1)","decl":{"start":{"line":7,"column":24},"end":{"line":7,"column":25}},"loc":{"start":{"line":7,"column":49},"end":{"line":12,"column":3}},"line":7},"2":{"name":"(anonymous_2)","decl":{"start":{"line":20,"column":23},"end":{"line":20,"column":24}},"loc":{"start":{"line":20,"column":42},"end":{"line":20,"column":62}},"line":20},"3":{"name":"(anonymous_3)","decl":{"start":{"line":23,"column":22},"end":{"line":23,"column":23}},"loc":{"start":{"line":24,"column":8},"end":{"line":24,"column":54}},"line":24}},"branchMap":{"0":{"loc":{"start":{"line":8,"column":4},"end":{"line":8,"column":49}},"type":"if","locations":[{"start":{"line":8,"column":4},"end":{"line":8,"column":49}},{"start":{},"end":{}}],"line":8}},"s":{"0":0,"1":0,"2":0,"3":0,"4":0,"5":0,"6":0,"7":0,"8":0},"f":{"0":0,"1":0,"2":0,"3":0},"b":{"0":[0,0]}}
,"D:\\workspace\\React\\04-gif-expert-app-vite\\src\\main.tsx": {"path":"D:\\workspace\\React\\04-gif-expert-app-vite\\src\\main.tsx","statementMap":{"0":{"start":{"line":6,"column":0},"end":{"line":10,"column":1}}},"fnMap":{},"branchMap":{},"s":{"0":0},"f":{},"b":{}}
,"D:\\workspace\\React\\04-gif-expert-app-vite\\src\\vite-env.d.ts": {"path":"D:\\workspace\\React\\04-gif-expert-app-vite\\src\\vite-env.d.ts","statementMap":{},"fnMap":{},"branchMap":{},"s":{},"f":{},"b":{}}
,"D:\\workspace\\React\\04-gif-expert-app-vite\\src\\components\\AddCategory.tsx": {"path":"D:\\workspace\\React\\04-gif-expert-app-vite\\src\\components\\AddCategory.tsx","statementMap":{"0":{"start":{"line":2,"column":27},"end":{"line":29,"column":1}},"1":{"start":{"line":4,"column":40},"end":{"line":4,"column":52}},"2":{"start":{"line":6,"column":26},"end":{"line":8,"column":5}},"3":{"start":{"line":7,"column":8},"end":{"line":7,"column":35}},"4":{"start":{"line":10,"column":21},"end":{"line":17,"column":5}},"5":{"start":{"line":11,"column":8},"end":{"line":11,"column":31}},"6":{"start":{"line":12,"column":8},"end":{"line":12,"column":50}},"7":{"start":{"line":12,"column":43},"end":{"line":12,"column":50}},"8":{"start":{"line":15,"column":8},"end":{"line":15,"column":43}},"9":{"start":{"line":16,"column":8},"end":{"line":16,"column":26}},"10":{"start":{"line":19,"column":4},"end":{"line":28,"column":3}}},"fnMap":{"0":{"name":"(anonymous_0)","decl":{"start":{"line":2,"column":27},"end":{"line":2,"column":28}},"loc":{"start":{"line":2,"column":55},"end":{"line":29,"column":1}},"line":2},"1":{"name":"(anonymous_1)","decl":{"start":{"line":6,"column":26},"end":{"line":6,"column":27}},"loc":{"start":{"line":6,"column":45},"end":{"line":8,"column":5}},"line":6},"2":{"name":"(anonymous_2)","decl":{"start":{"line":10,"column":21},"end":{"line":10,"column":22}},"loc":{"start":{"line":10,"column":37},"end":{"line":17,"column":5}},"line":10}},"branchMap":{"0":{"loc":{"start":{"line":12,"column":8},"end":{"line":12,"column":50}},"type":"if","locations":[{"start":{"line":12,"column":8},"end":{"line":12,"column":50}},{"start":{},"end":{}}],"line":12}},"s":{"0":0,"1":0,"2":0,"3":0,"4":0,"5":0,"6":0,"7":0,"8":0,"9":0,"10":0},"f":{"0":0,"1":0,"2":0},"b":{"0":[0,0]}}
,"D:\\workspace\\React\\04-gif-expert-app-vite\\src\\components\\GifGrid.tsx": {"path":"D:\\workspace\\React\\04-gif-expert-app-vite\\src\\components\\GifGrid.tsx","statementMap":{"0":{"start":{"line":4,"column":23},"end":{"line":31,"column":1}},"1":{"start":{"line":6,"column":30},"end":{"line":6,"column":52}},"2":{"start":{"line":8,"column":2},"end":{"line":30,"column":3}},"3":{"start":{"line":21,"column":12},"end":{"line":24,"column":14}}},"fnMap":{"0":{"name":"(anonymous_0)","decl":{"start":{"line":4,"column":23},"end":{"line":4,"column":24}},"loc":{"start":{"line":4,"column":44},"end":{"line":31,"column":1}},"line":4},"1":{"name":"(anonymous_1)","decl":{"start":{"line":20,"column":22},"end":{"line":20,"column":23}},"loc":{"start":{"line":21,"column":12},"end":{"line":24,"column":14}},"line":21}},"branchMap":{"0":{"loc":{"start":{"line":15,"column":8},"end":{"line":15,"column":43}},"type":"binary-expr","locations":[{"start":{"line":15,"column":8},"end":{"line":15,"column":17}},{"start":{"line":15,"column":22},"end":{"line":15,"column":42}}],"line":15}},"s":{"0":0,"1":0,"2":0,"3":0},"f":{"0":0,"1":0},"b":{"0":[0,0]}}
,"D:\\workspace\\React\\04-gif-expert-app-vite\\src\\components\\GifItem.tsx": {"path":"D:\\workspace\\React\\04-gif-expert-app-vite\\src\\components\\GifItem.tsx","statementMap":{"0":{"start":{"line":4,"column":23},"end":{"line":11,"column":1}},"1":{"start":{"line":5,"column":2},"end":{"line":10,"column":3}},"2":{"start":{"line":13,"column":0},"end":{"line":16,"column":1}}},"fnMap":{"0":{"name":"(anonymous_0)","decl":{"start":{"line":4,"column":23},"end":{"line":4,"column":24}},"loc":{"start":{"line":4,"column":52},"end":{"line":11,"column":1}},"line":4}},"branchMap":{},"s":{"0":1,"1":1,"2":1},"f":{"0":1},"b":{},"_coverageSchema":"1a1c01bbd47fc00a2c39e90264f33305004495a9","hash":"a3cff91f7796110e5b05537964e3e05eb07fea3c"}
,"D:\\workspace\\React\\04-gif-expert-app-vite\\src\\components\\index.ts": {"path":"D:\\workspace\\React\\04-gif-expert-app-vite\\src\\components\\index.ts","statementMap":{},"fnMap":{},"branchMap":{},"s":{},"f":{},"b":{}}
,"D:\\workspace\\React\\04-gif-expert-app-vite\\src\\helpers\\getGifs.ts": {"path":"D:\\workspace\\React\\04-gif-expert-app-vite\\src\\helpers\\getGifs.ts","statementMap":{"0":{"start":{"line":1,"column":23},"end":{"line":13,"column":3}},"1":{"start":{"line":2,"column":16},"end":{"line":2,"column":118}},"2":{"start":{"line":3,"column":17},"end":{"line":3,"column":33}},"3":{"start":{"line":4,"column":21},"end":{"line":4,"column":38}},"4":{"start":{"line":6,"column":17},"end":{"line":10,"column":7}},"5":{"start":{"line":6,"column":42},"end":{"line":10,"column":5}},"6":{"start":{"line":12,"column":4},"end":{"line":12,"column":16}}},"fnMap":{"0":{"name":"(anonymous_0)","decl":{"start":{"line":1,"column":23},"end":{"line":1,"column":24}},"loc":{"start":{"line":1,"column":50},"end":{"line":13,"column":3}},"line":1},"1":{"name":"(anonymous_1)","decl":{"start":{"line":6,"column":27},"end":{"line":6,"column":28}},"loc":{"start":{"line":6,"column":42},"end":{"line":10,"column":5}},"line":6}},"branchMap":{},"s":{"0":0,"1":0,"2":0,"3":0,"4":0,"5":0,"6":0},"f":{"0":0,"1":0},"b":{}}
,"D:\\workspace\\React\\04-gif-expert-app-vite\\src\\helpers\\interfaces.ts": {"path":"D:\\workspace\\React\\04-gif-expert-app-vite\\src\\helpers\\interfaces.ts","statementMap":{},"fnMap":{},"branchMap":{},"s":{},"f":{},"b":{}}
,"D:\\workspace\\React\\04-gif-expert-app-vite\\src\\hooks\\useFetchGifs.ts": {"path":"D:\\workspace\\React\\04-gif-expert-app-vite\\src\\hooks\\useFetchGifs.ts","statementMap":{"0":{"start":{"line":4,"column":28},"end":{"line":22,"column":1}},"1":{"start":{"line":5,"column":30},"end":{"line":5,"column":42}},"2":{"start":{"line":6,"column":36},"end":{"line":6,"column":50}},"3":{"start":{"line":8,"column":20},"end":{"line":12,"column":3}},"4":{"start":{"line":9,"column":22},"end":{"line":9,"column":45}},"5":{"start":{"line":10,"column":4},"end":{"line":10,"column":25}},"6":{"start":{"line":11,"column":4},"end":{"line":11,"column":24}},"7":{"start":{"line":14,"column":2},"end":{"line":16,"column":9}},"8":{"start":{"line":15,"column":4},"end":{"line":15,"column":16}},"9":{"start":{"line":18,"column":2},"end":{"line":21,"column":4}}},"fnMap":{"0":{"name":"(anonymous_0)","decl":{"start":{"line":4,"column":28},"end":{"line":4,"column":29}},"loc":{"start":{"line":4,"column":50},"end":{"line":22,"column":1}},"line":4},"1":{"name":"(anonymous_1)","decl":{"start":{"line":8,"column":20},"end":{"line":8,"column":21}},"loc":{"start":{"line":8,"column":32},"end":{"line":12,"column":3}},"line":8},"2":{"name":"(anonymous_2)","decl":{"start":{"line":14,"column":12},"end":{"line":14,"column":13}},"loc":{"start":{"line":14,"column":18},"end":{"line":16,"column":3}},"line":14}},"branchMap":{},"s":{"0":0,"1":0,"2":0,"3":0,"4":0,"5":0,"6":0,"7":0,"8":0,"9":0},"f":{"0":0,"1":0,"2":0},"b":{}}
}
